<?xml version="1.0" encoding="UTF-8"?>
<testng-results ignored="0" total="2" passed="2" failed="0" skipped="0">
  <reporter-output>
  </reporter-output>
  <suite started-at="2022-01-14T07:33:14Z" name="Suite" finished-at="2022-01-14T07:34:16Z" duration-ms="62229">
    <groups>
    </groups>
    <test started-at="2022-01-14T07:33:14Z" name="Test1" finished-at="2022-01-14T07:33:46Z" duration-ms="32458">
      <class name="com.nopcommerce.testcases.TC_LoginTest_001">
        <test-method is-config="true" signature="setup(java.lang.String)[pri:0, instance:com.nopcommerce.testcases.TC_LoginTest_001@27adc16e]" started-at="2022-01-14T07:33:14Z" name="setup" finished-at="2022-01-14T07:33:16Z" duration-ms="2160" status="PASS">
          <params>
            <param index="0">
              <value>
                <![CDATA[chrome]]>
              </value>
            </param>
          </params>
          <reporter-output>
          </reporter-output>
        </test-method> <!-- setup -->
        <test-method signature="LoginTest()[pri:0, instance:com.nopcommerce.testcases.TC_LoginTest_001@27adc16e]" started-at="2022-01-14T07:33:16Z" name="LoginTest" finished-at="2022-01-14T07:33:46Z" duration-ms="29231" status="PASS">
          <reporter-output>
          </reporter-output>
        </test-method> <!-- LoginTest -->
        <test-method is-config="true" signature="teardown()[pri:0, instance:com.nopcommerce.testcases.TC_LoginTest_001@27adc16e]" started-at="2022-01-14T07:33:46Z" name="teardown" finished-at="2022-01-14T07:33:46Z" duration-ms="697" status="PASS">
          <reporter-output>
          </reporter-output>
        </test-method> <!-- teardown -->
      </class> <!-- com.nopcommerce.testcases.TC_LoginTest_001 -->
    </test> <!-- Test1 -->
    <test started-at="2022-01-14T07:33:47Z" name="Test3" finished-at="2022-01-14T07:34:16Z" duration-ms="29223">
      <class name="com.nopcommerce.testcases.TC_LoginTest_001">
        <test-method is-config="true" signature="setup(java.lang.String)[pri:0, instance:com.nopcommerce.testcases.TC_LoginTest_001@45d2ade3]" started-at="2022-01-14T07:33:47Z" name="setup" finished-at="2022-01-14T07:33:54Z" duration-ms="6778" status="PASS">
          <params>
            <param index="0">
              <value>
                <![CDATA[firefox]]>
              </value>
            </param>
          </params>
          <reporter-output>
          </reporter-output>
        </test-method> <!-- setup -->
        <test-method signature="LoginTest()[pri:0, instance:com.nopcommerce.testcases.TC_LoginTest_001@45d2ade3]" started-at="2022-01-14T07:33:54Z" name="LoginTest" finished-at="2022-01-14T07:34:14Z" duration-ms="20537" status="PASS">
          <reporter-output>
          </reporter-output>
        </test-method> <!-- LoginTest -->
        <test-method is-config="true" signature="teardown()[pri:0, instance:com.nopcommerce.testcases.TC_LoginTest_001@45d2ade3]" started-at="2022-01-14T07:34:14Z" name="teardown" finished-at="2022-01-14T07:34:16Z" duration-ms="1895" status="PASS">
          <reporter-output>
          </reporter-output>
        </test-method> <!-- teardown -->
      </class> <!-- com.nopcommerce.testcases.TC_LoginTest_001 -->
    </test> <!-- Test3 -->
  </suite> <!-- Suite -->
</testng-results>
